<?xml version="1.0" encoding="UTF-8"?>
<testsuite xmlns:xsi="http://www.w3.org/2001/XMLSchema-instance" xsi:noNamespaceSchemaLocation="https://maven.apache.org/surefire/maven-surefire-plugin/xsd/surefire-test-report-3.0.xsd" version="3.0" name="es.ocaso.arquitectura.poc.PocApplicationTests" time="1.873" tests="1" errors="0" skipped="0" failures="0">
  <properties>
[...]
</properties>
  <testcase name="contextLoads" classname="es.ocaso.arquitectura.poc.PocApplicationTests" time="0.685">
    <system-out><![CDATA[10:20:50.941 [main] INFO org.springframework.test.context.support.AnnotationConfigContextLoaderUtils -- Could not detect default configuration classes for test class [es.ocaso.arquitectura.poc.PocApplicationTests]: PocApplicationTests does not declare any static, non-private, non-final, nested classes annotated with @Configuration.
10:20:51.027 [main] INFO org.springframework.boot.test.context.SpringBootTestContextBootstrapper -- Found @SpringBootConfiguration es.ocaso.arquitectura.poc.PocApplication for test class es.ocaso.arquitectura.poc.PocApplicationTests

  .   ____          _            __ _ _
 /\\ / ___'_ __ _ _(_)_ __  __ _ \ \ \ \
( ( )\___ | '_ | '_| | '_ \/ _` | \ \ \ \
 \\/  ___)| |_)| | | | | || (_| |  ) ) ) )
  '  |____| .__|_| |_|_| |_\__, | / / / /
 =========|_|==============|___/=/_/_/_/
 :: Spring Boot ::                (v3.2.5)

2024-05-18T10:20:51.297+02:00  INFO 9928 --- [poc] [           main] e.o.a.poc.PocApplicationTests            : Starting PocApplicationTests using Java 17.0.11 with PID 9928 (started by ogane in E:\desarrollos\poc)
2024-05-18T10:20:51.298+02:00  INFO 9928 --- [poc] [           main] e.o.a.poc.PocApplicationTests            : No active profile set, falling back to 1 default profile: "default"
2024-05-18T10:20:51.997+02:00  INFO 9928 --- [poc] [           main] e.o.a.poc.PocApplicationTests            : Started PocApplicationTests in 0.868 seconds (process running for 1.728)
]]></system-out>
  </testcase>
</testsuite>